2018-03-16 18:32:05 [scrapy.utils.log] INFO: Scrapy 1.5.0 started (bot: scrapy_normal)
2018-03-16 18:32:05 [scrapy.utils.log] INFO: Versions: lxml 3.5.0.0, libxml2 2.9.3, cssselect 1.0.1, parsel 1.4.0, w3lib 1.19.0, Twisted 17.9.0, Python 3.5.2 (default, Nov 23 2017, 16:37:01) - [GCC 5.4.0 20160609], pyOpenSSL 17.5.0 (OpenSSL 1.1.0g  2 Nov 2017), cryptography 2.1.4, Platform Linux-4.14.9-041409-generic-x86_64-with-Ubuntu-16.04-xenial
2018-03-16 18:32:05 [scrapy.crawler] INFO: Overridden settings: {'NEWSPIDER_MODULE': 'scrapy_normal.spiders', 'COOKIES_ENABLED': False, 'LOG_FILE': 'logs/scrapy_normal/quotes_follow/431d99a2290511e8bd326c8814690104.log', 'SCHEDULER': 'scrapy_redis.scheduler.Scheduler', 'DOWNLOAD_DELAY': 0.25, 'DUPEFILTER_CLASS': 'scrapy_redis.dupefilter.RFPDupeFilter', 'BOT_NAME': 'scrapy_normal', 'CONCURRENT_REQUESTS': 32, 'CONCURRENT_REQUESTS_PER_IP': 16, 'SPIDER_MODULES': ['scrapy_normal.spiders']}
2018-03-16 18:32:05 [scrapy.middleware] INFO: Enabled extensions:
['scrapy.extensions.telnet.TelnetConsole',
 'scrapy.extensions.corestats.CoreStats',
 'scrapy.extensions.memusage.MemoryUsage',
 'scrapy.extensions.logstats.LogStats']
2018-03-16 18:32:05 [scrapy.middleware] INFO: Enabled downloader middlewares:
['scrapy.downloadermiddlewares.httpauth.HttpAuthMiddleware',
 'scrapy.downloadermiddlewares.downloadtimeout.DownloadTimeoutMiddleware',
 'scrapy.downloadermiddlewares.defaultheaders.DefaultHeadersMiddleware',
 'scrapy.downloadermiddlewares.useragent.UserAgentMiddleware',
 'scrapy_normal.middlewares.ScrapyNormalDownloaderMiddleware',
 'scrapy.downloadermiddlewares.retry.RetryMiddleware',
 'scrapy.downloadermiddlewares.redirect.MetaRefreshMiddleware',
 'scrapy.downloadermiddlewares.redirect.RedirectMiddleware',
 'scrapy_splash.SplashCookiesMiddleware',
 'scrapy_splash.SplashMiddleware',
 'scrapy.downloadermiddlewares.httpproxy.HttpProxyMiddleware',
 'scrapy_normal.middlewares.UAmiddleware',
 'scrapy.downloadermiddlewares.httpcompression.HttpCompressionMiddleware',
 'scrapy.downloadermiddlewares.stats.DownloaderStats']
2018-03-16 18:32:05 [scrapy.middleware] INFO: Enabled spider middlewares:
['scrapy.spidermiddlewares.httperror.HttpErrorMiddleware',
 'scrapy_splash.SplashDeduplicateArgsMiddleware',
 'scrapy.spidermiddlewares.offsite.OffsiteMiddleware',
 'scrapy_normal.middlewares.ScrapyNormalSpiderMiddleware',
 'scrapy.spidermiddlewares.referer.RefererMiddleware',
 'scrapy.spidermiddlewares.urllength.UrlLengthMiddleware',
 'scrapy.spidermiddlewares.depth.DepthMiddleware']
2018-03-16 18:32:05 [scrapy.middleware] INFO: Enabled item pipelines:
['scrapy_redis.pipelines.RedisPipeline',
 'scrapy_normal.pipelines.CheckPipeline',
 'scrapy_normal.pipelines.MongoDBPipeline']
2018-03-16 18:32:05 [scrapy.core.engine] INFO: Spider opened
2018-03-16 18:32:05 [scrapy.extensions.logstats] INFO: Crawled 0 pages (at 0 pages/min), scraped 0 items (at 0 items/min)
2018-03-16 18:32:05 [quotes_follow] INFO: Spider opened: quotes_follow
2018-03-16 18:32:05 [quotes_follow] INFO: Spider opened: quotes_follow
2018-03-16 18:32:05 [scrapy.extensions.telnet] DEBUG: Telnet console listening on 127.0.0.1:6023
2018-03-16 18:32:07 [scrapy.core.engine] DEBUG: Crawled (200) <GET http://quotes.toscrape.com/page/2/> (referer: None)
2018-03-16 18:32:07 [scrapy.core.scraper] ERROR: Error processing {'text': "“This life is what you make it. No matter what, you're going to mess up sometimes, it's a universal truth. But the good part is you get to decide how you're going to mess it up. Girls will be your friends - they'll act like it anyway. But just remember, some come, some go. The ones that stay with you through everything - they're your true best friends. Don't let go of them. Also remember, sisters make the best friends in the world. As for lovers, well, they'll come and go too. And baby, I hate to say it, most of them - actually pretty much all of them are going to break your heart, but you can't give up because if you give up, you'll never find your soulmate. You'll never find that half who makes you whole and that goes for everything. Just because you fail once, doesn't mean you're gonna fail at everything. Keep trying, hold on, and always, always, always believe in yourself, because if you don't, then who will, sweetie? So keep your head high, keep your chin up, and most importantly, keep smiling, because life's a beautiful thing and there's so much to smile about.”", 'author': 'Marilyn Monroe', 'tags': ['friends', 'heartbreak', 'inspirational', 'life', 'love', 'sisters']}
Traceback (most recent call last):
  File "/usr/local/lib/python3.5/dist-packages/twisted/internet/defer.py", line 653, in _runCallbacks
    current.result = callback(current.result, *args, **kw)
  File "/tmp/scrapy_normal-1521196314-8797ywg3.egg/scrapy_normal/pipelines.py", line 47, in process_item
    self.coll.insert(postItem)  # 向数据库插入一条记录
AttributeError: 'MongoDBPipeline' object has no attribute 'coll'
2018-03-16 18:32:07 [scrapy.core.scraper] ERROR: Error processing {'text': '“It takes a great deal of bravery to stand up to our enemies, but just as much to stand up to our friends.”', 'author': 'J.K. Rowling', 'tags': ['courage', 'friends']}
Traceback (most recent call last):
  File "/usr/local/lib/python3.5/dist-packages/twisted/internet/defer.py", line 653, in _runCallbacks
    current.result = callback(current.result, *args, **kw)
  File "/tmp/scrapy_normal-1521196314-8797ywg3.egg/scrapy_normal/pipelines.py", line 47, in process_item
    self.coll.insert(postItem)  # 向数据库插入一条记录
AttributeError: 'MongoDBPipeline' object has no attribute 'coll'
2018-03-16 18:32:07 [scrapy.core.scraper] ERROR: Error processing {'text': "“If you can't explain it to a six year old, you don't understand it yourself.”", 'author': 'Albert Einstein', 'tags': ['simplicity', 'understand']}
Traceback (most recent call last):
  File "/usr/local/lib/python3.5/dist-packages/twisted/internet/defer.py", line 653, in _runCallbacks
    current.result = callback(current.result, *args, **kw)
  File "/tmp/scrapy_normal-1521196314-8797ywg3.egg/scrapy_normal/pipelines.py", line 47, in process_item
    self.coll.insert(postItem)  # 向数据库插入一条记录
AttributeError: 'MongoDBPipeline' object has no attribute 'coll'
2018-03-16 18:32:07 [scrapy.core.scraper] ERROR: Error processing {'text': "“You may not be her first, her last, or her only. She loved before she may love again. But if she loves you now, what else matters? She's not perfect—you aren't either, and the two of you may never be perfect together but if she can make you laugh, cause you to think twice, and admit to being human and making mistakes, hold onto her and give her the most you can. She may not be thinking about you every second of the day, but she will give you a part of her that she knows you can break—her heart. So don't hurt her, don't change her, don't analyze and don't expect more than she can give. Smile when she makes you happy, let her know when she makes you mad, and miss her when she's not there.”", 'author': 'Bob Marley', 'tags': ['love']}
Traceback (most recent call last):
  File "/usr/local/lib/python3.5/dist-packages/twisted/internet/defer.py", line 653, in _runCallbacks
    current.result = callback(current.result, *args, **kw)
  File "/tmp/scrapy_normal-1521196314-8797ywg3.egg/scrapy_normal/pipelines.py", line 47, in process_item
    self.coll.insert(postItem)  # 向数据库插入一条记录
AttributeError: 'MongoDBPipeline' object has no attribute 'coll'
2018-03-16 18:32:07 [scrapy.core.scraper] ERROR: Error processing {'text': '“I like nonsense, it wakes up the brain cells. Fantasy is a necessary ingredient in living.”', 'author': 'Dr. Seuss', 'tags': ['fantasy']}
Traceback (most recent call last):
  File "/usr/local/lib/python3.5/dist-packages/twisted/internet/defer.py", line 653, in _runCallbacks
    current.result = callback(current.result, *args, **kw)
  File "/tmp/scrapy_normal-1521196314-8797ywg3.egg/scrapy_normal/pipelines.py", line 47, in process_item
    self.coll.insert(postItem)  # 向数据库插入一条记录
AttributeError: 'MongoDBPipeline' object has no attribute 'coll'
2018-03-16 18:32:07 [scrapy.core.scraper] ERROR: Error processing {'text': '“I may not have gone where I intended to go, but I think I have ended up where I needed to be.”', 'author': 'Douglas Adams', 'tags': ['life', 'navigation']}
Traceback (most recent call last):
  File "/usr/local/lib/python3.5/dist-packages/twisted/internet/defer.py", line 653, in _runCallbacks
    current.result = callback(current.result, *args, **kw)
  File "/tmp/scrapy_normal-1521196314-8797ywg3.egg/scrapy_normal/pipelines.py", line 47, in process_item
    self.coll.insert(postItem)  # 向数据库插入一条记录
AttributeError: 'MongoDBPipeline' object has no attribute 'coll'
2018-03-16 18:32:07 [scrapy_redis.dupefilter] DEBUG: Filtered duplicate request <GET http://quotes.toscrape.com/page/3/> - no more duplicates will be shown (see DUPEFILTER_DEBUG to show all duplicates)
2018-03-16 18:32:07 [scrapy.core.scraper] ERROR: Error processing {'text': "“The opposite of love is not hate, it's indifference. The opposite of art is not ugliness, it's indifference. The opposite of faith is not heresy, it's indifference. And the opposite of life is not death, it's indifference.”", 'author': 'Elie Wiesel', 'tags': ['activism', 'apathy', 'hate', 'indifference', 'inspirational', 'love', 'opposite', 'philosophy']}
Traceback (most recent call last):
  File "/usr/local/lib/python3.5/dist-packages/twisted/internet/defer.py", line 653, in _runCallbacks
    current.result = callback(current.result, *args, **kw)
  File "/tmp/scrapy_normal-1521196314-8797ywg3.egg/scrapy_normal/pipelines.py", line 47, in process_item
    self.coll.insert(postItem)  # 向数据库插入一条记录
AttributeError: 'MongoDBPipeline' object has no attribute 'coll'
2018-03-16 18:32:07 [scrapy.core.scraper] ERROR: Error processing {'text': '“It is not a lack of love, but a lack of friendship that makes unhappy marriages.”', 'author': 'Friedrich Nietzsche', 'tags': ['friendship', 'lack-of-friendship', 'lack-of-love', 'love', 'marriage', 'unhappy-marriage']}
Traceback (most recent call last):
  File "/usr/local/lib/python3.5/dist-packages/twisted/internet/defer.py", line 653, in _runCallbacks
    current.result = callback(current.result, *args, **kw)
  File "/tmp/scrapy_normal-1521196314-8797ywg3.egg/scrapy_normal/pipelines.py", line 47, in process_item
    self.coll.insert(postItem)  # 向数据库插入一条记录
AttributeError: 'MongoDBPipeline' object has no attribute 'coll'
2018-03-16 18:32:07 [scrapy.core.scraper] ERROR: Error processing {'text': '“Good friends, good books, and a sleepy conscience: this is the ideal life.”', 'author': 'Mark Twain', 'tags': ['books', 'contentment', 'friends', 'friendship', 'life']}
Traceback (most recent call last):
  File "/usr/local/lib/python3.5/dist-packages/twisted/internet/defer.py", line 653, in _runCallbacks
    current.result = callback(current.result, *args, **kw)
  File "/tmp/scrapy_normal-1521196314-8797ywg3.egg/scrapy_normal/pipelines.py", line 47, in process_item
    self.coll.insert(postItem)  # 向数据库插入一条记录
AttributeError: 'MongoDBPipeline' object has no attribute 'coll'
2018-03-16 18:32:07 [scrapy.core.scraper] ERROR: Error processing {'text': '“Life is what happens to us while we are making other plans.”', 'author': 'Allen Saunders', 'tags': ['fate', 'life', 'misattributed-john-lennon', 'planning', 'plans']}
Traceback (most recent call last):
  File "/usr/local/lib/python3.5/dist-packages/twisted/internet/defer.py", line 653, in _runCallbacks
    current.result = callback(current.result, *args, **kw)
  File "/tmp/scrapy_normal-1521196314-8797ywg3.egg/scrapy_normal/pipelines.py", line 47, in process_item
    self.coll.insert(postItem)  # 向数据库插入一条记录
AttributeError: 'MongoDBPipeline' object has no attribute 'coll'
2018-03-16 18:32:07 [scrapy.core.engine] DEBUG: Crawled (200) <GET http://quotes.toscrape.com/page/1/> (referer: None)
2018-03-16 18:32:07 [scrapy.core.scraper] ERROR: Error processing {'text': '“The world as we have created it is a process of our thinking. It cannot be changed without changing our thinking.”', 'author': 'Albert Einstein', 'tags': ['change', 'deep-thoughts', 'thinking', 'world']}
Traceback (most recent call last):
  File "/usr/local/lib/python3.5/dist-packages/twisted/internet/defer.py", line 653, in _runCallbacks
    current.result = callback(current.result, *args, **kw)
  File "/tmp/scrapy_normal-1521196314-8797ywg3.egg/scrapy_normal/pipelines.py", line 47, in process_item
    self.coll.insert(postItem)  # 向数据库插入一条记录
AttributeError: 'MongoDBPipeline' object has no attribute 'coll'
2018-03-16 18:32:07 [scrapy.core.scraper] ERROR: Error processing {'text': '“It is our choices, Harry, that show what we truly are, far more than our abilities.”', 'author': 'J.K. Rowling', 'tags': ['abilities', 'choices']}
Traceback (most recent call last):
  File "/usr/local/lib/python3.5/dist-packages/twisted/internet/defer.py", line 653, in _runCallbacks
    current.result = callback(current.result, *args, **kw)
  File "/tmp/scrapy_normal-1521196314-8797ywg3.egg/scrapy_normal/pipelines.py", line 47, in process_item
    self.coll.insert(postItem)  # 向数据库插入一条记录
AttributeError: 'MongoDBPipeline' object has no attribute 'coll'
2018-03-16 18:32:07 [scrapy.core.scraper] ERROR: Error processing {'text': '“There are only two ways to live your life. One is as though nothing is a miracle. The other is as though everything is a miracle.”', 'author': 'Albert Einstein', 'tags': ['inspirational', 'life', 'live', 'miracle', 'miracles']}
Traceback (most recent call last):
  File "/usr/local/lib/python3.5/dist-packages/twisted/internet/defer.py", line 653, in _runCallbacks
    current.result = callback(current.result, *args, **kw)
  File "/tmp/scrapy_normal-1521196314-8797ywg3.egg/scrapy_normal/pipelines.py", line 47, in process_item
    self.coll.insert(postItem)  # 向数据库插入一条记录
AttributeError: 'MongoDBPipeline' object has no attribute 'coll'
2018-03-16 18:32:07 [scrapy.core.scraper] ERROR: Error processing {'text': '“The person, be it gentleman or lady, who has not pleasure in a good novel, must be intolerably stupid.”', 'author': 'Jane Austen', 'tags': ['aliteracy', 'books', 'classic', 'humor']}
Traceback (most recent call last):
  File "/usr/local/lib/python3.5/dist-packages/twisted/internet/defer.py", line 653, in _runCallbacks
    current.result = callback(current.result, *args, **kw)
  File "/tmp/scrapy_normal-1521196314-8797ywg3.egg/scrapy_normal/pipelines.py", line 47, in process_item
    self.coll.insert(postItem)  # 向数据库插入一条记录
AttributeError: 'MongoDBPipeline' object has no attribute 'coll'
2018-03-16 18:32:07 [scrapy.core.scraper] ERROR: Error processing {'text': "“Imperfection is beauty, madness is genius and it's better to be absolutely ridiculous than absolutely boring.”", 'author': 'Marilyn Monroe', 'tags': ['be-yourself', 'inspirational']}
Traceback (most recent call last):
  File "/usr/local/lib/python3.5/dist-packages/twisted/internet/defer.py", line 653, in _runCallbacks
    current.result = callback(current.result, *args, **kw)
  File "/tmp/scrapy_normal-1521196314-8797ywg3.egg/scrapy_normal/pipelines.py", line 47, in process_item
    self.coll.insert(postItem)  # 向数据库插入一条记录
AttributeError: 'MongoDBPipeline' object has no attribute 'coll'
2018-03-16 18:32:07 [scrapy.core.scraper] ERROR: Error processing {'text': '“Try not to become a man of success. Rather become a man of value.”', 'author': 'Albert Einstein', 'tags': ['adulthood', 'success', 'value']}
Traceback (most recent call last):
  File "/usr/local/lib/python3.5/dist-packages/twisted/internet/defer.py", line 653, in _runCallbacks
    current.result = callback(current.result, *args, **kw)
  File "/tmp/scrapy_normal-1521196314-8797ywg3.egg/scrapy_normal/pipelines.py", line 47, in process_item
    self.coll.insert(postItem)  # 向数据库插入一条记录
AttributeError: 'MongoDBPipeline' object has no attribute 'coll'
2018-03-16 18:32:07 [scrapy.core.scraper] ERROR: Error processing {'text': '“It is better to be hated for what you are than to be loved for what you are not.”', 'author': 'André Gide', 'tags': ['life', 'love']}
Traceback (most recent call last):
  File "/usr/local/lib/python3.5/dist-packages/twisted/internet/defer.py", line 653, in _runCallbacks
    current.result = callback(current.result, *args, **kw)
  File "/tmp/scrapy_normal-1521196314-8797ywg3.egg/scrapy_normal/pipelines.py", line 47, in process_item
    self.coll.insert(postItem)  # 向数据库插入一条记录
AttributeError: 'MongoDBPipeline' object has no attribute 'coll'
2018-03-16 18:32:07 [scrapy.core.scraper] ERROR: Error processing {'text': "“I have not failed. I've just found 10,000 ways that won't work.”", 'author': 'Thomas A. Edison', 'tags': ['edison', 'failure', 'inspirational', 'paraphrased']}
Traceback (most recent call last):
  File "/usr/local/lib/python3.5/dist-packages/twisted/internet/defer.py", line 653, in _runCallbacks
    current.result = callback(current.result, *args, **kw)
  File "/tmp/scrapy_normal-1521196314-8797ywg3.egg/scrapy_normal/pipelines.py", line 47, in process_item
    self.coll.insert(postItem)  # 向数据库插入一条记录
AttributeError: 'MongoDBPipeline' object has no attribute 'coll'
2018-03-16 18:32:07 [scrapy.core.scraper] ERROR: Error processing {'text': "“A woman is like a tea bag; you never know how strong it is until it's in hot water.”", 'author': 'Eleanor Roosevelt', 'tags': ['misattributed-eleanor-roosevelt']}
Traceback (most recent call last):
  File "/usr/local/lib/python3.5/dist-packages/twisted/internet/defer.py", line 653, in _runCallbacks
    current.result = callback(current.result, *args, **kw)
  File "/tmp/scrapy_normal-1521196314-8797ywg3.egg/scrapy_normal/pipelines.py", line 47, in process_item
    self.coll.insert(postItem)  # 向数据库插入一条记录
AttributeError: 'MongoDBPipeline' object has no attribute 'coll'
2018-03-16 18:32:07 [scrapy.core.scraper] ERROR: Error processing {'text': '“A day without sunshine is like, you know, night.”', 'author': 'Steve Martin', 'tags': ['humor', 'obvious', 'simile']}
Traceback (most recent call last):
  File "/usr/local/lib/python3.5/dist-packages/twisted/internet/defer.py", line 653, in _runCallbacks
    current.result = callback(current.result, *args, **kw)
  File "/tmp/scrapy_normal-1521196314-8797ywg3.egg/scrapy_normal/pipelines.py", line 47, in process_item
    self.coll.insert(postItem)  # 向数据库插入一条记录
AttributeError: 'MongoDBPipeline' object has no attribute 'coll'
2018-03-16 18:32:07 [scrapy.core.engine] INFO: Closing spider (finished)
2018-03-16 18:32:07 [scrapy.statscollectors] INFO: Dumping Scrapy stats:
{'downloader/request_bytes': 748,
 'downloader/request_count': 2,
 'downloader/request_method_count/GET': 2,
 'downloader/response_bytes': 5608,
 'downloader/response_count': 2,
 'downloader/response_status_count/200': 2,
 'finish_reason': 'finished',
 'finish_time': datetime.datetime(2018, 3, 16, 10, 32, 7, 958371),
 'log_count/DEBUG': 4,
 'log_count/ERROR': 20,
 'log_count/INFO': 9,
 'memusage/max': 59990016,
 'memusage/startup': 59990016,
 'request_depth_max': 1,
 'response_received_count': 2,
 'scheduler/dequeued/redis': 2,
 'scheduler/enqueued/redis': 2,
 'start_time': datetime.datetime(2018, 3, 16, 10, 32, 5, 759902)}
2018-03-16 18:32:07 [scrapy.core.engine] INFO: Spider closed (finished)
