2018-03-16 18:33:10 [scrapy.utils.log] INFO: Scrapy 1.5.0 started (bot: scrapy_normal)
2018-03-16 18:33:10 [scrapy.utils.log] INFO: Versions: lxml 3.5.0.0, libxml2 2.9.3, cssselect 1.0.1, parsel 1.4.0, w3lib 1.19.0, Twisted 17.9.0, Python 3.5.2 (default, Nov 23 2017, 16:37:01) - [GCC 5.4.0 20160609], pyOpenSSL 17.5.0 (OpenSSL 1.1.0g  2 Nov 2017), cryptography 2.1.4, Platform Linux-4.14.9-041409-generic-x86_64-with-Ubuntu-16.04-xenial
2018-03-16 18:33:10 [scrapy.crawler] INFO: Overridden settings: {'CONCURRENT_REQUESTS_PER_IP': 16, 'COOKIES_ENABLED': False, 'CONCURRENT_REQUESTS': 32, 'DUPEFILTER_CLASS': 'scrapy_redis.dupefilter.RFPDupeFilter', 'SPIDER_MODULES': ['scrapy_normal.spiders'], 'DOWNLOAD_DELAY': 0.25, 'LOG_FILE': 'logs/scrapy_normal/quotes_follow/6a2f3ae6290511e8bd326c8814690104.log', 'SCHEDULER': 'scrapy_redis.scheduler.Scheduler', 'NEWSPIDER_MODULE': 'scrapy_normal.spiders', 'BOT_NAME': 'scrapy_normal'}
2018-03-16 18:33:10 [scrapy.middleware] INFO: Enabled extensions:
['scrapy.extensions.logstats.LogStats',
 'scrapy.extensions.telnet.TelnetConsole',
 'scrapy.extensions.memusage.MemoryUsage',
 'scrapy.extensions.corestats.CoreStats']
2018-03-16 18:33:10 [scrapy.middleware] INFO: Enabled downloader middlewares:
['scrapy.downloadermiddlewares.httpauth.HttpAuthMiddleware',
 'scrapy.downloadermiddlewares.downloadtimeout.DownloadTimeoutMiddleware',
 'scrapy.downloadermiddlewares.defaultheaders.DefaultHeadersMiddleware',
 'scrapy.downloadermiddlewares.useragent.UserAgentMiddleware',
 'scrapy_normal.middlewares.ScrapyNormalDownloaderMiddleware',
 'scrapy.downloadermiddlewares.retry.RetryMiddleware',
 'scrapy.downloadermiddlewares.redirect.MetaRefreshMiddleware',
 'scrapy.downloadermiddlewares.redirect.RedirectMiddleware',
 'scrapy_splash.SplashCookiesMiddleware',
 'scrapy_splash.SplashMiddleware',
 'scrapy.downloadermiddlewares.httpproxy.HttpProxyMiddleware',
 'scrapy_normal.middlewares.UAmiddleware',
 'scrapy.downloadermiddlewares.httpcompression.HttpCompressionMiddleware',
 'scrapy.downloadermiddlewares.stats.DownloaderStats']
2018-03-16 18:33:10 [scrapy.middleware] INFO: Enabled spider middlewares:
['scrapy.spidermiddlewares.httperror.HttpErrorMiddleware',
 'scrapy_splash.SplashDeduplicateArgsMiddleware',
 'scrapy.spidermiddlewares.offsite.OffsiteMiddleware',
 'scrapy_normal.middlewares.ScrapyNormalSpiderMiddleware',
 'scrapy.spidermiddlewares.referer.RefererMiddleware',
 'scrapy.spidermiddlewares.urllength.UrlLengthMiddleware',
 'scrapy.spidermiddlewares.depth.DepthMiddleware']
2018-03-16 18:33:10 [scrapy.middleware] INFO: Enabled item pipelines:
['scrapy_redis.pipelines.RedisPipeline',
 'scrapy_normal.pipelines.CheckPipeline',
 'scrapy_normal.pipelines.MongoDBPipeline']
2018-03-16 18:33:10 [scrapy.core.engine] INFO: Spider opened
2018-03-16 18:33:10 [scrapy.extensions.logstats] INFO: Crawled 0 pages (at 0 pages/min), scraped 0 items (at 0 items/min)
2018-03-16 18:33:10 [quotes_follow] INFO: Spider opened: quotes_follow
2018-03-16 18:33:10 [quotes_follow] INFO: Spider opened: quotes_follow
2018-03-16 18:33:10 [scrapy.extensions.telnet] DEBUG: Telnet console listening on 127.0.0.1:6023
2018-03-16 18:33:11 [scrapy.core.engine] DEBUG: Crawled (200) <GET http://quotes.toscrape.com/page/1/> (referer: None)
2018-03-16 18:33:11 [scrapy.core.scraper] DEBUG: Scraped from <200 http://quotes.toscrape.com/page/1/>
{'text': '“The world as we have created it is a process of our thinking. It cannot be changed without changing our thinking.”', 'tags': ['change', 'deep-thoughts', 'thinking', 'world'], 'author': 'Albert Einstein'}
2018-03-16 18:33:11 [scrapy.core.scraper] DEBUG: Scraped from <200 http://quotes.toscrape.com/page/1/>
{'text': '“It is our choices, Harry, that show what we truly are, far more than our abilities.”', 'tags': ['abilities', 'choices'], 'author': 'J.K. Rowling'}
2018-03-16 18:33:11 [scrapy.core.scraper] DEBUG: Scraped from <200 http://quotes.toscrape.com/page/1/>
{'text': '“There are only two ways to live your life. One is as though nothing is a miracle. The other is as though everything is a miracle.”', 'tags': ['inspirational', 'life', 'live', 'miracle', 'miracles'], 'author': 'Albert Einstein'}
2018-03-16 18:33:11 [scrapy.core.scraper] DEBUG: Scraped from <200 http://quotes.toscrape.com/page/1/>
{'text': '“The person, be it gentleman or lady, who has not pleasure in a good novel, must be intolerably stupid.”', 'tags': ['aliteracy', 'books', 'classic', 'humor'], 'author': 'Jane Austen'}
2018-03-16 18:33:11 [scrapy.core.scraper] DEBUG: Scraped from <200 http://quotes.toscrape.com/page/1/>
{'text': "“Imperfection is beauty, madness is genius and it's better to be absolutely ridiculous than absolutely boring.”", 'tags': ['be-yourself', 'inspirational'], 'author': 'Marilyn Monroe'}
2018-03-16 18:33:11 [scrapy.core.scraper] DEBUG: Scraped from <200 http://quotes.toscrape.com/page/1/>
{'text': '“Try not to become a man of success. Rather become a man of value.”', 'tags': ['adulthood', 'success', 'value'], 'author': 'Albert Einstein'}
2018-03-16 18:33:11 [scrapy.core.scraper] DEBUG: Scraped from <200 http://quotes.toscrape.com/page/1/>
{'text': '“It is better to be hated for what you are than to be loved for what you are not.”', 'tags': ['life', 'love'], 'author': 'André Gide'}
2018-03-16 18:33:11 [scrapy_redis.dupefilter] DEBUG: Filtered duplicate request <GET http://quotes.toscrape.com/page/2/> - no more duplicates will be shown (see DUPEFILTER_DEBUG to show all duplicates)
2018-03-16 18:33:11 [scrapy.core.scraper] DEBUG: Scraped from <200 http://quotes.toscrape.com/page/1/>
{'text': "“I have not failed. I've just found 10,000 ways that won't work.”", 'tags': ['edison', 'failure', 'inspirational', 'paraphrased'], 'author': 'Thomas A. Edison'}
2018-03-16 18:33:11 [scrapy.core.scraper] DEBUG: Scraped from <200 http://quotes.toscrape.com/page/1/>
{'text': "“A woman is like a tea bag; you never know how strong it is until it's in hot water.”", 'tags': ['misattributed-eleanor-roosevelt'], 'author': 'Eleanor Roosevelt'}
2018-03-16 18:33:11 [scrapy.core.scraper] DEBUG: Scraped from <200 http://quotes.toscrape.com/page/1/>
{'text': '“A day without sunshine is like, you know, night.”', 'tags': ['humor', 'obvious', 'simile'], 'author': 'Steve Martin'}
2018-03-16 18:33:13 [scrapy.core.engine] DEBUG: Crawled (200) <GET http://quotes.toscrape.com/page/2/> (referer: None)
2018-03-16 18:33:14 [scrapy.core.scraper] DEBUG: Scraped from <200 http://quotes.toscrape.com/page/2/>
{'text': "“This life is what you make it. No matter what, you're going to mess up sometimes, it's a universal truth. But the good part is you get to decide how you're going to mess it up. Girls will be your friends - they'll act like it anyway. But just remember, some come, some go. The ones that stay with you through everything - they're your true best friends. Don't let go of them. Also remember, sisters make the best friends in the world. As for lovers, well, they'll come and go too. And baby, I hate to say it, most of them - actually pretty much all of them are going to break your heart, but you can't give up because if you give up, you'll never find your soulmate. You'll never find that half who makes you whole and that goes for everything. Just because you fail once, doesn't mean you're gonna fail at everything. Keep trying, hold on, and always, always, always believe in yourself, because if you don't, then who will, sweetie? So keep your head high, keep your chin up, and most importantly, keep smiling, because life's a beautiful thing and there's so much to smile about.”", 'tags': ['friends', 'heartbreak', 'inspirational', 'life', 'love', 'sisters'], 'author': 'Marilyn Monroe'}
2018-03-16 18:33:14 [scrapy.core.scraper] DEBUG: Scraped from <200 http://quotes.toscrape.com/page/2/>
{'text': '“It takes a great deal of bravery to stand up to our enemies, but just as much to stand up to our friends.”', 'tags': ['courage', 'friends'], 'author': 'J.K. Rowling'}
2018-03-16 18:33:14 [scrapy.core.scraper] DEBUG: Scraped from <200 http://quotes.toscrape.com/page/2/>
{'text': "“If you can't explain it to a six year old, you don't understand it yourself.”", 'tags': ['simplicity', 'understand'], 'author': 'Albert Einstein'}
2018-03-16 18:33:14 [scrapy.core.scraper] DEBUG: Scraped from <200 http://quotes.toscrape.com/page/2/>
{'text': "“You may not be her first, her last, or her only. She loved before she may love again. But if she loves you now, what else matters? She's not perfect—you aren't either, and the two of you may never be perfect together but if she can make you laugh, cause you to think twice, and admit to being human and making mistakes, hold onto her and give her the most you can. She may not be thinking about you every second of the day, but she will give you a part of her that she knows you can break—her heart. So don't hurt her, don't change her, don't analyze and don't expect more than she can give. Smile when she makes you happy, let her know when she makes you mad, and miss her when she's not there.”", 'tags': ['love'], 'author': 'Bob Marley'}
2018-03-16 18:33:14 [scrapy.core.scraper] DEBUG: Scraped from <200 http://quotes.toscrape.com/page/2/>
{'text': '“I like nonsense, it wakes up the brain cells. Fantasy is a necessary ingredient in living.”', 'tags': ['fantasy'], 'author': 'Dr. Seuss'}
2018-03-16 18:33:14 [scrapy.core.scraper] DEBUG: Scraped from <200 http://quotes.toscrape.com/page/2/>
{'text': '“I may not have gone where I intended to go, but I think I have ended up where I needed to be.”', 'tags': ['life', 'navigation'], 'author': 'Douglas Adams'}
2018-03-16 18:33:14 [scrapy.core.scraper] DEBUG: Scraped from <200 http://quotes.toscrape.com/page/2/>
{'text': "“The opposite of love is not hate, it's indifference. The opposite of art is not ugliness, it's indifference. The opposite of faith is not heresy, it's indifference. And the opposite of life is not death, it's indifference.”", 'tags': ['activism', 'apathy', 'hate', 'indifference', 'inspirational', 'love', 'opposite', 'philosophy'], 'author': 'Elie Wiesel'}
2018-03-16 18:33:14 [scrapy.core.scraper] DEBUG: Scraped from <200 http://quotes.toscrape.com/page/2/>
{'text': '“It is not a lack of love, but a lack of friendship that makes unhappy marriages.”', 'tags': ['friendship', 'lack-of-friendship', 'lack-of-love', 'love', 'marriage', 'unhappy-marriage'], 'author': 'Friedrich Nietzsche'}
2018-03-16 18:33:14 [scrapy.core.scraper] DEBUG: Scraped from <200 http://quotes.toscrape.com/page/2/>
{'text': '“Good friends, good books, and a sleepy conscience: this is the ideal life.”', 'tags': ['books', 'contentment', 'friends', 'friendship', 'life'], 'author': 'Mark Twain'}
2018-03-16 18:33:14 [scrapy.core.scraper] DEBUG: Scraped from <200 http://quotes.toscrape.com/page/2/>
{'text': '“Life is what happens to us while we are making other plans.”', 'tags': ['fate', 'life', 'misattributed-john-lennon', 'planning', 'plans'], 'author': 'Allen Saunders'}
2018-03-16 18:33:14 [scrapy.core.engine] INFO: Closing spider (finished)
2018-03-16 18:33:14 [scrapy.statscollectors] INFO: Dumping Scrapy stats:
{'downloader/request_bytes': 717,
 'downloader/request_count': 2,
 'downloader/request_method_count/GET': 2,
 'downloader/response_bytes': 5608,
 'downloader/response_count': 2,
 'downloader/response_status_count/200': 2,
 'finish_reason': 'finished',
 'finish_time': datetime.datetime(2018, 3, 16, 10, 33, 14, 140479),
 'item_scraped_count': 20,
 'log_count/DEBUG': 24,
 'log_count/INFO': 9,
 'memusage/max': 60108800,
 'memusage/startup': 60108800,
 'request_depth_max': 1,
 'response_received_count': 2,
 'scheduler/dequeued/redis': 2,
 'scheduler/enqueued/redis': 2,
 'start_time': datetime.datetime(2018, 3, 16, 10, 33, 10, 777760)}
2018-03-16 18:33:14 [scrapy.core.engine] INFO: Spider closed (finished)
